<?xml version="1.0" encoding="UTF-8"?>
<robot generator="Robot 6.0.1 (Python 3.9.13 on win32)" generated="20221119 12:02:34.620" rpa="false" schemaversion="3">
<suite id="s1" name="Test" source="E:\ICT-y4\ict-op2022-web\robot\test.robot">
<test id="s1-t1" name="Test case 2: user can evaluate the event." line="47">
<kw name="Open Browser" library="SeleniumLibrary">
<arg>${url_website}/evaluation</arg>
<arg>${browser}</arg>
<doc>Opens a new browser instance to the optional ``url``.</doc>
<msg timestamp="20221119 12:02:34.784" level="INFO">Opening browser 'Chrome' to base url 'http://localhost:4000/evaluation'.</msg>
<status status="PASS" starttime="20221119 12:02:34.784" endtime="20221119 12:02:37.648"/>
</kw>
<kw name="Wait Until Element Is Visible" library="SeleniumLibrary">
<arg>//button[contains(text(),'เริ่มแบบสอบถาม')]</arg>
<doc>Waits until the element ``locator`` is visible.</doc>
<status status="PASS" starttime="20221119 12:02:37.648" endtime="20221119 12:02:37.673"/>
</kw>
<kw name="Click Element" library="SeleniumLibrary">
<arg>//button[contains(text(),'เริ่มแบบสอบถาม')]</arg>
<doc>Click the element identified by ``locator``.</doc>
<msg timestamp="20221119 12:02:37.673" level="INFO">Clicking element '//button[contains(text(),'เริ่มแบบสอบถาม')]'.</msg>
<status status="PASS" starttime="20221119 12:02:37.673" endtime="20221119 12:02:37.709"/>
</kw>
<kw name="Page Should Contain" library="SeleniumLibrary">
<arg>ข้อมูลทั่วไป</arg>
<doc>Verifies that current page contains ``text``.</doc>
<msg timestamp="20221119 12:02:37.726" level="INFO">Current page contains text 'ข้อมูลทั่วไป'.</msg>
<status status="PASS" starttime="20221119 12:02:37.710" endtime="20221119 12:02:37.726"/>
</kw>
<kw name="Click Element" library="SeleniumLibrary">
<arg>//*[@name='role']</arg>
<doc>Click the element identified by ``locator``.</doc>
<msg timestamp="20221119 12:02:37.727" level="INFO">Clicking element '//*[@name='role']'.</msg>
<msg timestamp="20221119 12:02:38.291" level="INFO" html="true">&lt;/td&gt;&lt;/tr&gt;&lt;tr&gt;&lt;td colspan="3"&gt;&lt;a href="selenium-screenshot-12.png"&gt;&lt;img src="selenium-screenshot-12.png" width="800px"&gt;&lt;/a&gt;</msg>
<msg timestamp="20221119 12:02:38.291" level="FAIL">Element with locator '//*[@name='role']' not found.</msg>
<status status="FAIL" starttime="20221119 12:02:37.727" endtime="20221119 12:02:38.292"/>
</kw>
<kw name="Click Element" library="SeleniumLibrary">
<arg>//input[@id='gender.male']</arg>
<doc>Click the element identified by ``locator``.</doc>
<status status="NOT RUN" starttime="20221119 12:02:38.293" endtime="20221119 12:02:38.293"/>
</kw>
<kw name="Click Element" library="SeleniumLibrary">
<arg>//input[@id='channels.muict-op-facebook']</arg>
<doc>Click the element identified by ``locator``.</doc>
<status status="NOT RUN" starttime="20221119 12:02:38.293" endtime="20221119 12:02:38.293"/>
</kw>
<kw name="Click Element" library="SeleniumLibrary">
<arg>//input[@id='participated-activities.guidance']</arg>
<doc>Click the element identified by ``locator``.</doc>
<status status="NOT RUN" starttime="20221119 12:02:38.293" endtime="20221119 12:02:38.293"/>
</kw>
<kw name="Click Button" library="SeleniumLibrary">
<arg>ต่อไป</arg>
<doc>Clicks the button identified by ``locator``.</doc>
<status status="NOT RUN" starttime="20221119 12:02:38.294" endtime="20221119 12:02:38.294"/>
</kw>
<kw name="Wait Until Page Contains" library="SeleniumLibrary">
<arg>ระดับความพึงพอใจ</arg>
<doc>Waits until ``text`` appears on the current page.</doc>
<status status="NOT RUN" starttime="20221119 12:02:38.295" endtime="20221119 12:02:38.295"/>
</kw>
<status status="FAIL" starttime="20221119 12:02:34.783" endtime="20221119 12:02:38.295">Element with locator '//*[@name='role']' not found.</status>
</test>
<kw name="Close Browser" library="SeleniumLibrary" type="TEARDOWN">
<doc>Closes the current browser.</doc>
<status status="PASS" starttime="20221119 12:02:38.297" endtime="20221119 12:02:40.417"/>
</kw>
<status status="FAIL" starttime="20221119 12:02:34.621" endtime="20221119 12:02:40.417"/>
</suite>
<statistics>
<total>
<stat pass="0" fail="1" skip="0">All Tests</stat>
</total>
<tag>
</tag>
<suite>
<stat pass="0" fail="1" skip="0" id="s1" name="Test">Test</stat>
</suite>
</statistics>
<errors>
</errors>
</robot>
